  house.cpp
E:\CS370\assignments\CS370_Project\CS370_Project\lighting.h(15,27): warning C4305: 'initializing': truncation from 'double' to 'GLfloat'
E:\CS370\assignments\CS370_Project\CS370_Project\lighting.h(19,28): warning C4305: 'initializing': truncation from 'double' to 'GLfloat'
E:\CS370\assignments\CS370_Project\CS370_Project\materials.h(19,14): warning C4305: 'initializing': truncation from 'double' to 'GLfloat'
E:\CS370\assignments\CS370_Project\CS370_Project\materials.h(25,15): warning C4305: 'initializing': truncation from 'double' to 'GLfloat'
E:\CS370\assignments\CS370_Project\CS370_Project\materials.h(30,12): warning C4305: 'initializing': truncation from 'double' to 'GLfloat'
E:\CS370\assignments\CS370_Project\CS370_Project\shaderutils.h(20,1): warning C4996: 'open': The POSIX name for this item is deprecated. Instead, use the ISO C and C++ conformant name: _open. See online help for details.
C:\Program Files (x86)\Windows Kits\10\Include\10.0.18362.0\ucrt\corecrt_io.h(516): message : see declaration of 'open'
E:\CS370\assignments\CS370_Project\CS370_Project\shaderutils.h(23,1): warning C4996: 'lseek': The POSIX name for this item is deprecated. Instead, use the ISO C and C++ conformant name: _lseek. See online help for details.
C:\Program Files (x86)\Windows Kits\10\Include\10.0.18362.0\ucrt\corecrt_io.h(503): message : see declaration of 'lseek'
E:\CS370\assignments\CS370_Project\CS370_Project\shaderutils.h(24,1): warning C4996: 'close': The POSIX name for this item is deprecated. Instead, use the ISO C and C++ conformant name: _close. See online help for details.
C:\Program Files (x86)\Windows Kits\10\Include\10.0.18362.0\ucrt\corecrt_io.h(459): message : see declaration of 'close'
E:\CS370\assignments\CS370_Project\CS370_Project\shaderutils.h(43,1): warning C4996: 'fopen': This function or variable may be unsafe. Consider using fopen_s instead. To disable deprecation, use _CRT_SECURE_NO_WARNINGS. See online help for details.
C:\Program Files (x86)\Windows Kits\10\Include\10.0.18362.0\ucrt\stdio.h(208): message : see declaration of 'fopen'
E:\CS370\assignments\CS370_Project\CS370_Project\globals.h(95,28): warning C4305: 'initializing': truncation from 'double' to 'GLfloat'
E:\CS370\assignments\CS370_Project\CS370_Project\globals.h(100,21): warning C4244: 'initializing': conversion from 'double' to 'GLfloat', possible loss of data
E:\CS370\assignments\CS370_Project\CS370_Project\vectorops.h(12,13): warning C4244: '=': conversion from 'double' to 'float', possible loss of data
E:\CS370\assignments\CS370_Project\CS370_Project\house.cpp(233,65): warning C4244: 'argument': conversion from 'double' to 'GLfloat', possible loss of data
E:\CS370\assignments\CS370_Project\CS370_Project\house.cpp(241,46): warning C4244: 'argument': conversion from 'double' to 'GLfloat', possible loss of data
E:\CS370\assignments\CS370_Project\CS370_Project\house.cpp(270,20): warning C4305: 'argument': truncation from 'double' to 'GLfloat'
E:\CS370\assignments\CS370_Project\CS370_Project\house.cpp(276,20): warning C4305: 'argument': truncation from 'double' to 'GLfloat'
E:\CS370\assignments\CS370_Project\CS370_Project\house.cpp(332,64): warning C4244: 'argument': conversion from 'double' to 'GLfloat', possible loss of data
E:\CS370\assignments\CS370_Project\CS370_Project\house.cpp(332,46): warning C4244: 'argument': conversion from 'double' to 'GLfloat', possible loss of data
E:\CS370\assignments\CS370_Project\CS370_Project\house.cpp(332,26): warning C4244: 'argument': conversion from 'double' to 'GLfloat', possible loss of data
E:\CS370\assignments\CS370_Project\CS370_Project\house.cpp(345,60): warning C4244: 'argument': conversion from 'double' to 'GLfloat', possible loss of data
E:\CS370\assignments\CS370_Project\CS370_Project\house.cpp(403,18): warning C4244: '=': conversion from 'double' to 'GLfloat', possible loss of data
E:\CS370\assignments\CS370_Project\CS370_Project\house.cpp(406,18): warning C4244: '=': conversion from 'double' to 'GLfloat', possible loss of data
E:\CS370\assignments\CS370_Project\CS370_Project\house.cpp(409,17): warning C4244: '=': conversion from 'double' to 'GLfloat', possible loss of data
E:\CS370\assignments\CS370_Project\CS370_Project\house.cpp(412,17): warning C4244: '=': conversion from 'double' to 'GLfloat', possible loss of data
E:\CS370\assignments\CS370_Project\CS370_Project\house.cpp(416,26): warning C4244: '=': conversion from 'double' to 'GLfloat', possible loss of data
E:\CS370\assignments\CS370_Project\CS370_Project\house.cpp(417,26): warning C4244: '=': conversion from 'double' to 'GLfloat', possible loss of data
E:\CS370\assignments\CS370_Project\CS370_Project\house.cpp(427,17): warning C4244: '=': conversion from 'double' to 'GLfloat', possible loss of data
E:\CS370\assignments\CS370_Project\CS370_Project\house.cpp(430,17): warning C4244: '=': conversion from 'double' to 'GLfloat', possible loss of data
E:\CS370\assignments\CS370_Project\CS370_Project\house.cpp(433,18): warning C4244: '=': conversion from 'double' to 'GLfloat', possible loss of data
E:\CS370\assignments\CS370_Project\CS370_Project\house.cpp(436,18): warning C4244: '=': conversion from 'double' to 'GLfloat', possible loss of data
E:\CS370\assignments\CS370_Project\CS370_Project\house.cpp(439,26): warning C4244: '=': conversion from 'double' to 'GLfloat', possible loss of data
E:\CS370\assignments\CS370_Project\CS370_Project\house.cpp(440,26): warning C4244: '=': conversion from 'double' to 'GLfloat', possible loss of data
E:\CS370\assignments\CS370_Project\CS370_Project\house.cpp(449,26): warning C4244: '=': conversion from 'double' to 'GLfloat', possible loss of data
E:\CS370\assignments\CS370_Project\CS370_Project\house.cpp(450,26): warning C4244: '=': conversion from 'double' to 'GLfloat', possible loss of data
E:\CS370\assignments\CS370_Project\CS370_Project\house.cpp(458,26): warning C4244: '=': conversion from 'double' to 'GLfloat', possible loss of data
E:\CS370\assignments\CS370_Project\CS370_Project\house.cpp(459,26): warning C4244: '=': conversion from 'double' to 'GLfloat', possible loss of data
E:\CS370\assignments\CS370_Project\CS370_Project\house.cpp(468,26): warning C4244: '=': conversion from 'double' to 'GLfloat', possible loss of data
E:\CS370\assignments\CS370_Project\CS370_Project\house.cpp(477,26): warning C4244: '=': conversion from 'double' to 'GLfloat', possible loss of data
E:\CS370\assignments\CS370_Project\CS370_Project\house.cpp(504,26): warning C4244: '=': conversion from 'double' to 'GLfloat', possible loss of data
E:\CS370\assignments\CS370_Project\CS370_Project\house.cpp(505,26): warning C4244: '=': conversion from 'double' to 'GLfloat', possible loss of data
E:\CS370\assignments\CS370_Project\CS370_Project\house.cpp(672,33): warning C4244: 'argument': conversion from 'double' to 'GLfloat', possible loss of data
E:\CS370\assignments\CS370_Project\CS370_Project\house.cpp(674,33): warning C4244: 'argument': conversion from 'double' to 'GLfloat', possible loss of data
E:\CS370\assignments\CS370_Project\CS370_Project\house.cpp(676,33): warning C4244: 'argument': conversion from 'double' to 'GLfloat', possible loss of data
E:\CS370\assignments\CS370_Project\CS370_Project\house.cpp(678,31): warning C4244: 'argument': conversion from 'double' to 'GLfloat', possible loss of data
E:\CS370\assignments\CS370_Project\CS370_Project\house.cpp(900,33): warning C4244: 'argument': conversion from 'double' to 'GLfloat', possible loss of data
E:\CS370\assignments\CS370_Project\CS370_Project\house.cpp(915,42): warning C4244: 'argument': conversion from 'GLfloat' to 'GLint', possible loss of data
E:\CS370\assignments\CS370_Project\CS370_Project\house.cpp(915,30): warning C4244: 'argument': conversion from 'GLfloat' to 'GLint', possible loss of data
E:\CS370\assignments\CS370_Project\CS370_Project\house.cpp(920,20): warning C4305: 'argument': truncation from 'double' to 'GLfloat'
E:\CS370\assignments\CS370_Project\CS370_Project\house.cpp(941,61): warning C4244: 'argument': conversion from 'double' to 'GLfloat', possible loss of data
E:\CS370\assignments\CS370_Project\CS370_Project\house.cpp(941,34): warning C4244: 'argument': conversion from 'double' to 'GLfloat', possible loss of data
E:\CS370\assignments\CS370_Project\CS370_Project\house.cpp(942,20): warning C4305: 'argument': truncation from 'double' to 'GLfloat'
E:\CS370\assignments\CS370_Project\CS370_Project\house.cpp(953,61): warning C4244: 'argument': conversion from 'double' to 'GLfloat', possible loss of data
E:\CS370\assignments\CS370_Project\CS370_Project\house.cpp(953,34): warning C4244: 'argument': conversion from 'double' to 'GLfloat', possible loss of data
E:\CS370\assignments\CS370_Project\CS370_Project\house.cpp(968,64): warning C4244: 'argument': conversion from 'double' to 'GLfloat', possible loss of data
E:\CS370\assignments\CS370_Project\CS370_Project\house.cpp(968,37): warning C4244: 'argument': conversion from 'double' to 'GLfloat', possible loss of data
E:\CS370\assignments\CS370_Project\CS370_Project\house.cpp(969,20): warning C4305: 'argument': truncation from 'double' to 'GLfloat'
E:\CS370\assignments\CS370_Project\CS370_Project\house.cpp(1026,65): warning C4305: 'argument': truncation from 'double' to 'GLfloat'
E:\CS370\assignments\CS370_Project\CS370_Project\house.cpp(1064,54): warning C4244: 'argument': conversion from 'double' to 'GLfloat', possible loss of data
E:\CS370\assignments\CS370_Project\CS370_Project\house.cpp(1066,24): warning C4305: 'argument': truncation from 'double' to 'GLfloat'
E:\CS370\assignments\CS370_Project\CS370_Project\house.cpp(1067,82): warning C4244: 'argument': conversion from 'GLfloat' to 'GLint', possible loss of data
E:\CS370\assignments\CS370_Project\CS370_Project\house.cpp(1067,68): warning C4244: 'argument': conversion from 'GLfloat' to 'GLint', possible loss of data
E:\CS370\assignments\CS370_Project\CS370_Project\house.cpp(1078,62): warning C4244: 'argument': conversion from 'double' to 'GLfloat', possible loss of data
E:\CS370\assignments\CS370_Project\CS370_Project\house.cpp(1081,79): warning C4244: 'argument': conversion from 'GLfloat' to 'GLint', possible loss of data
E:\CS370\assignments\CS370_Project\CS370_Project\house.cpp(1081,66): warning C4244: 'argument': conversion from 'GLfloat' to 'GLint', possible loss of data
E:\CS370\assignments\CS370_Project\CS370_Project\house.cpp(1093,66): warning C4244: 'argument': conversion from 'double' to 'GLfloat', possible loss of data
E:\CS370\assignments\CS370_Project\CS370_Project\house.cpp(1113,66): warning C4244: 'argument': conversion from 'double' to 'GLfloat', possible loss of data
E:\CS370\assignments\CS370_Project\CS370_Project\house.cpp(1130,67): warning C4244: 'argument': conversion from 'GLfloat' to 'GLint', possible loss of data
E:\CS370\assignments\CS370_Project\CS370_Project\house.cpp(1130,54): warning C4244: 'argument': conversion from 'GLfloat' to 'GLint', possible loss of data
  CS370_Project.vcxproj -> E:\CS370\assignments\CS370_Project\Debug\CS370_Project.exe
